[0.018s] Invoking command in '/home/orin/ATDS-24/SDK/fixposition_driver/build/fixposition_driver_ros1': AMENT_PREFIX_PATH=/home/orin/ATDS-24/SDK/fixposition_driver/install/rtcm_msgs:${AMENT_PREFIX_PATH} CMAKE_PREFIX_PATH=/home/orin/ATDS-24/SDK/fixposition_driver/install/rtcm_msgs:/home/orin/ATDS-24/SDK/fixposition_driver/install/fixposition_driver_lib:${CMAKE_PREFIX_PATH} CONDA_PROMPT_MODIFIER=(base) LD_LIBRARY_PATH=/home/orin/ATDS-24/SDK/fixposition_driver/install/rtcm_msgs/lib:/home/orin/ATDS-24/SDK/fixposition_driver/install/fixposition_driver_lib/lib:${LD_LIBRARY_PATH} PKG_CONFIG_PATH=/home/orin/ATDS-24/SDK/fixposition_driver/install/fixposition_driver_lib/lib/pkgconfig PYTHONPATH=/home/orin/ATDS-24/SDK/fixposition_driver/install/rtcm_msgs/lib/python3.12/site-packages:${PYTHONPATH} /usr/bin/cmake /home/orin/ATDS-24/SDK/fixposition_driver/fixposition_driver_ros1 -DCATKIN_INSTALL_INTO_PREFIX_ROOT=0 -DCMAKE_INSTALL_PREFIX=/home/orin/ATDS-24/SDK/fixposition_driver/install/fixposition_driver_ros1
[0.106s] -- The CXX compiler identification is GNU 11.4.0
[0.116s] -- Detecting CXX compiler ABI info
[0.224s] -- Detecting CXX compiler ABI info - done
[0.233s] -- Check for working CXX compiler: /usr/bin/c++ - skipped
[0.233s] -- Detecting CXX compile features
[0.233s] -- Detecting CXX compile features - done
[0.247s] -- Found Boost: /usr/lib/aarch64-linux-gnu/cmake/Boost-1.74.0/BoostConfig.cmake (found suitable version "1.74.0", minimum required is "1.65.0")  
[0.275s] [31mCMake Error at CMakeLists.txt:15 (find_package):
[0.275s]   By not providing "Findcatkin.cmake" in CMAKE_MODULE_PATH this project has
[0.275s]   asked CMake to find a package configuration file provided by "catkin", but
[0.275s]   CMake did not find one.
[0.275s] 
[0.275s]   Could not find a package configuration file provided by "catkin" with any
[0.275s]   of the following names:
[0.275s] 
[0.275s]     catkinConfig.cmake
[0.275s]     catkin-config.cmake
[0.275s] 
[0.276s]   Add the installation prefix of "catkin" to CMAKE_PREFIX_PATH or set
[0.276s]   "catkin_DIR" to a directory containing one of the above files.  If "catkin"
[0.276s]   provides a separate development package or SDK, be sure it has been
[0.276s]   installed.
[0.276s] 
[0.276s] [0m
[0.276s] -- Configuring incomplete, errors occurred!
[0.276s] See also "/home/orin/ATDS-24/SDK/fixposition_driver/build/fixposition_driver_ros1/CMakeFiles/CMakeOutput.log".
[0.279s] Invoked command in '/home/orin/ATDS-24/SDK/fixposition_driver/build/fixposition_driver_ros1' returned '1': AMENT_PREFIX_PATH=/home/orin/ATDS-24/SDK/fixposition_driver/install/rtcm_msgs:${AMENT_PREFIX_PATH} CMAKE_PREFIX_PATH=/home/orin/ATDS-24/SDK/fixposition_driver/install/rtcm_msgs:/home/orin/ATDS-24/SDK/fixposition_driver/install/fixposition_driver_lib:${CMAKE_PREFIX_PATH} CONDA_PROMPT_MODIFIER=(base) LD_LIBRARY_PATH=/home/orin/ATDS-24/SDK/fixposition_driver/install/rtcm_msgs/lib:/home/orin/ATDS-24/SDK/fixposition_driver/install/fixposition_driver_lib/lib:${LD_LIBRARY_PATH} PKG_CONFIG_PATH=/home/orin/ATDS-24/SDK/fixposition_driver/install/fixposition_driver_lib/lib/pkgconfig PYTHONPATH=/home/orin/ATDS-24/SDK/fixposition_driver/install/rtcm_msgs/lib/python3.12/site-packages:${PYTHONPATH} /usr/bin/cmake /home/orin/ATDS-24/SDK/fixposition_driver/fixposition_driver_ros1 -DCATKIN_INSTALL_INTO_PREFIX_ROOT=0 -DCMAKE_INSTALL_PREFIX=/home/orin/ATDS-24/SDK/fixposition_driver/install/fixposition_driver_ros1
